/Users/carlkaziboni/anaconda3/lib/python3.12/site-packages/gymnasium/spaces/box.py:235: UserWarning: [33mWARN: Box low's precision lowered by casting to float32, current low.dtype=float64[0m
  gym.logger.warn(
/Users/carlkaziboni/anaconda3/lib/python3.12/site-packages/gymnasium/spaces/box.py:305: UserWarning: [33mWARN: Box high's precision lowered by casting to float32, current high.dtype=float64[0m
  gym.logger.warn(
/Users/carlkaziboni/anaconda3/lib/python3.12/site-packages/gymnasium/spaces/box.py:235: UserWarning: [33mWARN: Box low's precision lowered by casting to float32, current low.dtype=float64[0m
  gym.logger.warn(
/Users/carlkaziboni/anaconda3/lib/python3.12/site-packages/gymnasium/spaces/box.py:305: UserWarning: [33mWARN: Box high's precision lowered by casting to float32, current high.dtype=float64[0m
  gym.logger.warn(
✓ Agent 0 using Apple Silicon GPU (MPS) for training
Agent 0 could not load model. Initializing new model.
Agent 0 initialized.
✓ Agent 0 using Apple Silicon GPU (MPS) for training
Agent 0 could not load model. Initializing new model.
Agent 0 initialized.
Starting overnight training (~12 hours)
Configuration: 10 epochs × 2000 timesteps = 20,000 total timesteps
============================================================

============================================================
Starting epoch 1/10
Training for 2000 timesteps
Total timesteps so far: 0
============================================================

✓ Agent 0 using Apple Silicon GPU (MPS) for training
Agent 0 could not load model. Initializing new model.
Agent 0 initialized.
Agent 0 starting learning for 2000 timesteps...
TensorBoard logs: ./logs/sac_agent_0/run_0

============================================================
Training Summary:
  Total episodes: 0
  Goals scored: 0
  Goals conceded: 0
============================================================

 100% ━━━━━━━━━━━━━━━━━━━━━━━━━━━━━━ 2,000/2,000  [ 1:05:38 < 0:00:00 , 0 it/s ]
/Users/carlkaziboni/anaconda3/lib/python3.12/site-packages/gymnasium/spaces/box.py:235: UserWarning: [33mWARN: Box low's precision lowered by casting to float32, current low.dtype=float64[0m
  gym.logger.warn(
/Users/carlkaziboni/anaconda3/lib/python3.12/site-packages/gymnasium/spaces/box.py:305: UserWarning: [33mWARN: Box high's precision lowered by casting to float32, current high.dtype=float64[0m
  gym.logger.warn(
Agent 0 finished learning!

✓ Epoch 1/10 completed!
Total timesteps: 2,000
✓ Latest model saved to ./models/0/sac/best_model


============================================================
Starting epoch 2/10
Training for 2000 timesteps
Total timesteps so far: 2,000
============================================================

✓ Agent 0 using Apple Silicon GPU (MPS) for training
Agent 0 could not load model. Initializing new model.
Agent 0 initialized.
Agent 0 starting learning for 2000 timesteps...
TensorBoard logs: ./logs/sac_agent_0/run_0

============================================================
Training Summary:
  Total episodes: 0
  Goals scored: 0
  Goals conceded: 0
============================================================

 100% ━━━━━━━━━━━━━━━━━━━━━━━━━━━━━━ 2,000/2,000  [ 1:19:49 < 0:00:00 , 0 it/s ]
Agent 0 finished learning!

✓ Epoch 2/10 completed!
Total timesteps: 4,000
✓ Latest model saved to ./models/0/sac/best_model
  Checkpoint saved to: ./models/0/sac/epoch_2/model.zip
💾 Periodic checkpoint saved: epoch 2 → ./models/0/sac/epoch_2


============================================================
Starting epoch 3/10
Training for 2000 timesteps
Total timesteps so far: 4,000
============================================================

✓ Agent 0 using Apple Silicon GPU (MPS) for training
Agent 0 could not load model. Initializing new model.
Agent 0 initialized.
Agent 0 starting learning for 2000 timesteps...
TensorBoard logs: ./logs/sac_agent_0/run_0

============================================================
Training Summary:
  Total episodes: 0
  Goals scored: 0
  Goals conceded: 0
============================================================

 100% ━━━━━━━━━━━━━━━━━━━━━━━━━━━━━━ 2,000/2,000  [ 1:25:49 < 0:00:00 , 0 it/s ]
Agent 0 finished learning!

✓ Epoch 3/10 completed!
Total timesteps: 6,000
✓ Latest model saved to ./models/0/sac/best_model
  Checkpoint saved to: ./models/0/sac/checkpoint_6k/model.zip
🎯 Milestone checkpoint saved: 6k timesteps → ./models/0/sac/checkpoint_6k


============================================================
Starting epoch 4/10
Training for 2000 timesteps
Total timesteps so far: 6,000
============================================================

✓ Agent 0 using Apple Silicon GPU (MPS) for training
Agent 0 could not load model. Initializing new model.
Agent 0 initialized.
Agent 0 starting learning for 2000 timesteps...
TensorBoard logs: ./logs/sac_agent_0/run_0

============================================================
Training Summary:
  Total episodes: 0
  Goals scored: 0
  Goals conceded: 0
============================================================

 100% ━━━━━━━━━━━━━━━━━━━━━━━━━━━━━━ 2,000/2,000  [ 1:23:45 < 0:00:00 , 0 it/s ]
Agent 0 finished learning!

✓ Epoch 4/10 completed!
Total timesteps: 8,000
✓ Latest model saved to ./models/0/sac/best_model
  Checkpoint saved to: ./models/0/sac/epoch_4/model.zip
💾 Periodic checkpoint saved: epoch 4 → ./models/0/sac/epoch_4


============================================================
Starting epoch 5/10
Training for 2000 timesteps
Total timesteps so far: 8,000
============================================================

✓ Agent 0 using Apple Silicon GPU (MPS) for training
Agent 0 could not load model. Initializing new model.
Agent 0 initialized.
Agent 0 starting learning for 2000 timesteps...
TensorBoard logs: ./logs/sac_agent_0/run_0

============================================================
Training Summary:
  Total episodes: 0
  Goals scored: 0
  Goals conceded: 0
============================================================

 100% ━━━━━━━━━━━━━━━━━━━━━━━━━━━━━━ 2,000/2,000  [ 1:21:54 < 0:00:00 , 0 it/s ]
Agent 0 finished learning!

✓ Epoch 5/10 completed!
Total timesteps: 10,000
✓ Latest model saved to ./models/0/sac/best_model


============================================================
Starting epoch 6/10
Training for 2000 timesteps
Total timesteps so far: 10,000
============================================================

✓ Agent 0 using Apple Silicon GPU (MPS) for training
Agent 0 could not load model. Initializing new model.
Agent 0 initialized.
Agent 0 starting learning for 2000 timesteps...
TensorBoard logs: ./logs/sac_agent_0/run_0

============================================================
Training Summary:
  Total episodes: 0
  Goals scored: 0
  Goals conceded: 0
============================================================

 100% ━━━━━━━━━━━━━━━━━━━━━━━━━━━━━━ 2,000/2,000  [ 1:28:10 < 0:00:00 , 0 it/s ]
Agent 0 finished learning!

✓ Epoch 6/10 completed!
Total timesteps: 12,000
✓ Latest model saved to ./models/0/sac/best_model
  Checkpoint saved to: ./models/0/sac/checkpoint_12k/model.zip
🎯 Milestone checkpoint saved: 12k timesteps → ./models/0/sac/checkpoint_12k
  Checkpoint saved to: ./models/0/sac/epoch_6/model.zip
💾 Periodic checkpoint saved: epoch 6 → ./models/0/sac/epoch_6


============================================================
Starting epoch 7/10
Training for 2000 timesteps
Total timesteps so far: 12,000
============================================================

✓ Agent 0 using Apple Silicon GPU (MPS) for training
Agent 0 could not load model. Initializing new model.
Agent 0 initialized.
Agent 0 starting learning for 2000 timesteps...
TensorBoard logs: ./logs/sac_agent_0/run_0

============================================================
Training Summary:
  Total episodes: 0
  Goals scored: 0
  Goals conceded: 0
============================================================

 100% ━━━━━━━━━━━━━━━━━━━━━━━━━━━━━━ 2,000/2,000  [ 1:23:37 < 0:00:00 , 0 it/s ]
Agent 0 finished learning!

✓ Epoch 7/10 completed!
Total timesteps: 14,000
✓ Latest model saved to ./models/0/sac/best_model


============================================================
Starting epoch 8/10
Training for 2000 timesteps
Total timesteps so far: 14,000
============================================================

✓ Agent 0 using Apple Silicon GPU (MPS) for training
Agent 0 could not load model. Initializing new model.
Agent 0 initialized.
Agent 0 starting learning for 2000 timesteps...
TensorBoard logs: ./logs/sac_agent_0/run_0

============================================================
Training Summary:
  Total episodes: 0
  Goals scored: 0
  Goals conceded: 0
============================================================

 100% ━━━━━━━━━━━━━━━━━━━━━━━━━━━━━━ 2,000/2,000  [ 1:25:50 < 0:00:00 , 0 it/s ]
Agent 0 finished learning!

✓ Epoch 8/10 completed!
Total timesteps: 16,000
✓ Latest model saved to ./models/0/sac/best_model
  Checkpoint saved to: ./models/0/sac/epoch_8/model.zip
💾 Periodic checkpoint saved: epoch 8 → ./models/0/sac/epoch_8


============================================================
Starting epoch 9/10
Training for 2000 timesteps
Total timesteps so far: 16,000
============================================================

✓ Agent 0 using Apple Silicon GPU (MPS) for training
Agent 0 could not load model. Initializing new model.
Agent 0 initialized.
Agent 0 starting learning for 2000 timesteps...
TensorBoard logs: ./logs/sac_agent_0/run_0

============================================================
Training Summary:
  Total episodes: 0
  Goals scored: 0
  Goals conceded: 0
============================================================

 100% ━━━━━━━━━━━━━━━━━━━━━━━━━━━━━━ 2,000/2,000  [ 1:34:18 < 0:00:00 , 0 it/s ]
Agent 0 finished learning!

✓ Epoch 9/10 completed!
Total timesteps: 18,000
✓ Latest model saved to ./models/0/sac/best_model
  Checkpoint saved to: ./models/0/sac/checkpoint_18k/model.zip
🎯 Milestone checkpoint saved: 18k timesteps → ./models/0/sac/checkpoint_18k


============================================================
Starting epoch 10/10
Training for 2000 timesteps
Total timesteps so far: 18,000
============================================================

✓ Agent 0 using Apple Silicon GPU (MPS) for training
Agent 0 could not load model. Initializing new model.
Agent 0 initialized.
Agent 0 starting learning for 2000 timesteps...
TensorBoard logs: ./logs/sac_agent_0/run_0

============================================================
Training Summary:
  Total episodes: 0
  Goals scored: 0
  Goals conceded: 0
============================================================

 100% ━━━━━━━━━━━━━━━━━━━━━━━━━━━━━━ 2,000/2,000  [ 1:39:14 < 0:00:00 , 0 it/s ]
Agent 0 finished learning!

✓ Epoch 10/10 completed!
Total timesteps: 20,000
✓ Latest model saved to ./models/0/sac/best_model
  Checkpoint saved to: ./models/0/sac/epoch_10/model.zip
💾 Periodic checkpoint saved: epoch 10 → ./models/0/sac/epoch_10

Episode 1/100 completed.
Episode 2/100 completed.
Episode 3/100 completed.
Episode 4/100 completed.
Episode 5/100 completed.
Episode 6/100 completed.
Episode 7/100 completed.
Episode 8/100 completed.
Episode 9/100 completed.
Episode 10/100 completed.
Episode 11/100 completed.
Episode 12/100 completed.
Episode 13/100 completed.
Episode 14/100 completed.
Episode 15/100 completed.
Episode 16/100 completed.
Episode 17/100 completed.
Episode 18/100 completed.
Episode 19/100 completed.
Episode 20/100 completed.
Episode 21/100 completed.
Episode 22/100 completed.
Episode 23/100 completed.
Episode 24/100 completed.
Episode 25/100 completed.
Episode 26/100 completed.
Episode 27/100 completed.
Episode 28/100 completed.
Episode 29/100 completed.
Episode 30/100 completed.
Episode 31/100 completed.
Episode 32/100 completed.
Episode 33/100 completed.
Episode 34/100 completed.
Episode 35/100 completed.
Episode 36/100 completed.
Episode 37/100 completed.
Episode 38/100 completed.
Episode 39/100 completed.
Episode 40/100 completed.
Episode 41/100 completed.
Episode 42/100 completed.
Episode 43/100 completed.
Episode 44/100 completed.
Episode 45/100 completed.
Episode 46/100 completed.
Episode 47/100 completed.
Episode 48/100 completed.
Episode 49/100 completed.
Episode 50/100 completed.
Episode 51/100 completed.
Episode 52/100 completed.
Episode 53/100 completed.
Episode 54/100 completed.
Episode 55/100 completed.
Episode 56/100 completed.
Episode 57/100 completed.
Episode 58/100 completed.
Episode 59/100 completed.
Episode 60/100 completed.
Episode 61/100 completed.
Episode 62/100 completed.
Episode 63/100 completed.
Episode 64/100 completed.
Episode 65/100 completed.
Episode 66/100 completed.
Episode 67/100 completed.
Episode 68/100 completed.
Episode 69/100 completed.
Episode 70/100 completed.
Episode 71/100 completed.
Episode 72/100 completed.
Episode 73/100 completed.
Episode 74/100 completed.
Episode 75/100 completed.
Episode 76/100 completed.
Episode 77/100 completed.
Episode 78/100 completed.
Episode 79/100 completed.
Episode 80/100 completed.
Episode 81/100 completed.
Episode 82/100 completed.
Episode 83/100 completed.
Episode 84/100 completed.
Episode 85/100 completed.
Episode 86/100 completed.
Episode 87/100 completed.
Episode 88/100 completed.
Episode 89/100 completed.
Episode 90/100 completed.
Episode 91/100 completed.
Episode 92/100 completed.
Episode 93/100 completed.
Episode 94/100 completed.
Episode 95/100 completed.
Episode 96/100 completed.
Episode 97/100 completed.
Episode 98/100 completed.
Episode 99/100 completed.
Episode 100/100 completed.
